2021/01/09 09:58:30 [1;34m[I] [service.go:288] [009045840e5d0b06] login to server success, get run id [009045840e5d0b06], server udp port [0][0m
2021/01/09 09:58:30 [1;34m[I] [proxy_manager.go:144] [009045840e5d0b06] proxy added: [web][0m
2021/01/09 09:58:30 [1;34m[I] [control.go:180] [009045840e5d0b06] [web] start proxy success[0m
2021/01/09 15:14:39 [1;31m[E] [control.go:158] [009045840e5d0b06] work connection closed before response StartWorkConn message: EOF[0m
2021/01/09 15:14:39 [1;31m[E] [control.go:158] [009045840e5d0b06] work connection closed before response StartWorkConn message: EOF[0m
2021/01/09 15:14:39 [1;31m[E] [control.go:158] [009045840e5d0b06] work connection closed before response StartWorkConn message: EOF[0m
2021/01/09 18:16:59 [1;31m[E] [control.go:158] [009045840e5d0b06] work connection closed before response StartWorkConn message: EOF[0m
2021/01/09 18:16:59 [1;31m[E] [control.go:158] [009045840e5d0b06] work connection closed before response StartWorkConn message: EOF[0m
2021/01/09 18:16:59 [1;31m[E] [control.go:158] [009045840e5d0b06] work connection closed before response StartWorkConn message: EOF[0m
2021/01/09 18:16:59 [1;31m[E] [control.go:158] [009045840e5d0b06] work connection closed before response StartWorkConn message: EOF[0m
2021/01/09 18:16:59 [1;31m[E] [control.go:158] [009045840e5d0b06] work connection closed before response StartWorkConn message: EOF[0m
2021/01/09 18:16:59 [1;34m[I] [control.go:276] [009045840e5d0b06] control writer is closing[0m
2021/01/09 18:16:59 [1;31m[E] [control.go:158] [009045840e5d0b06] work connection closed before response StartWorkConn message: EOF[0m
2021/01/09 18:16:59 [1;31m[E] [control.go:158] [009045840e5d0b06] work connection closed before response StartWorkConn message: EOF[0m
2021/01/09 18:16:59 [1;31m[E] [control.go:158] [009045840e5d0b06] work connection closed before response StartWorkConn message: EOF[0m
2021/01/09 18:16:59 [1;31m[E] [control.go:158] [009045840e5d0b06] work connection closed before response StartWorkConn message: EOF[0m
2021/01/09 18:16:59 [1;31m[E] [control.go:158] [009045840e5d0b06] work connection closed before response StartWorkConn message: EOF[0m
2021/01/09 18:16:59 [1;31m[E] [control.go:158] [009045840e5d0b06] work connection closed before response StartWorkConn message: EOF[0m
2021/01/09 18:16:59 [1;34m[I] [visitor_manager.go:60] [009045840e5d0b06] gracefully shutdown visitor manager[0m
2021/01/09 18:16:59 [1;34m[I] [service.go:174] [009045840e5d0b06] try to reconnect to server...[0m
2021/01/09 18:16:59 [1;33m[W] [service.go:177] [009045840e5d0b06] reconnect to server error: dial tcp 106.75.108.175:2333: connect: network is unreachable[0m
2021/01/09 18:17:00 [1;34m[I] [service.go:174] [009045840e5d0b06] try to reconnect to server...[0m
2021/01/09 18:17:00 [1;33m[W] [service.go:177] [009045840e5d0b06] reconnect to server error: dial tcp 106.75.108.175:2333: connect: network is unreachable[0m
2021/01/09 18:17:02 [1;34m[I] [service.go:174] [009045840e5d0b06] try to reconnect to server...[0m
2021/01/09 18:17:02 [1;33m[W] [service.go:177] [009045840e5d0b06] reconnect to server error: dial tcp 106.75.108.175:2333: connect: network is unreachable[0m
2021/01/09 18:17:06 [1;34m[I] [service.go:174] [009045840e5d0b06] try to reconnect to server...[0m
2021/01/09 18:17:06 [1;33m[W] [service.go:177] [009045840e5d0b06] reconnect to server error: dial tcp 106.75.108.175:2333: connect: network is unreachable[0m
2021/01/09 18:17:14 [1;34m[I] [service.go:174] [009045840e5d0b06] try to reconnect to server...[0m
2021/01/09 18:17:14 [1;33m[W] [service.go:177] [009045840e5d0b06] reconnect to server error: dial tcp 106.75.108.175:2333: connect: network is unreachable[0m
2021/01/09 18:17:30 [1;34m[I] [service.go:174] [009045840e5d0b06] try to reconnect to server...[0m
2021/01/09 18:17:30 [1;33m[W] [service.go:177] [009045840e5d0b06] reconnect to server error: dial tcp 106.75.108.175:2333: connect: network is unreachable[0m
2021/01/09 18:32:02 [1;34m[I] [service.go:174] [009045840e5d0b06] try to reconnect to server...[0m
2021/01/09 18:32:02 [1;33m[W] [service.go:177] [009045840e5d0b06] reconnect to server error: dial tcp 106.75.108.175:2333: connect: network is unreachable[0m
2021/01/09 18:32:22 [1;34m[I] [service.go:174] [009045840e5d0b06] try to reconnect to server...[0m
2021/01/09 18:32:22 [1;33m[W] [service.go:177] [009045840e5d0b06] reconnect to server error: dial tcp 106.75.108.175:2333: connect: network is unreachable[0m
2021/01/09 18:46:55 [1;34m[I] [service.go:174] [009045840e5d0b06] try to reconnect to server...[0m
2021/01/09 18:46:55 [1;33m[W] [service.go:177] [009045840e5d0b06] reconnect to server error: dial tcp 106.75.108.175:2333: connect: network is unreachable[0m
2021/01/09 18:47:15 [1;34m[I] [service.go:174] [009045840e5d0b06] try to reconnect to server...[0m
2021/01/09 18:47:15 [1;33m[W] [service.go:177] [009045840e5d0b06] reconnect to server error: dial tcp 106.75.108.175:2333: connect: network is unreachable[0m
2021/01/09 18:47:35 [1;34m[I] [service.go:174] [009045840e5d0b06] try to reconnect to server...[0m
2021/01/09 18:47:35 [1;33m[W] [service.go:177] [009045840e5d0b06] reconnect to server error: dial tcp 106.75.108.175:2333: connect: network is unreachable[0m
2021/01/09 18:47:55 [1;34m[I] [service.go:174] [009045840e5d0b06] try to reconnect to server...[0m
2021/01/09 18:47:55 [1;33m[W] [service.go:177] [009045840e5d0b06] reconnect to server error: dial tcp 106.75.108.175:2333: connect: network is unreachable[0m
2021/01/09 18:48:15 [1;34m[I] [service.go:174] [009045840e5d0b06] try to reconnect to server...[0m
2021/01/09 18:48:15 [1;33m[W] [service.go:177] [009045840e5d0b06] reconnect to server error: dial tcp 106.75.108.175:2333: connect: network is unreachable[0m
2021/01/09 18:48:35 [1;34m[I] [service.go:174] [009045840e5d0b06] try to reconnect to server...[0m
2021/01/09 18:48:35 [1;33m[W] [service.go:177] [009045840e5d0b06] reconnect to server error: dial tcp 106.75.108.175:2333: connect: network is unreachable[0m
2021/01/09 18:48:55 [1;34m[I] [service.go:174] [009045840e5d0b06] try to reconnect to server...[0m
2021/01/09 18:48:55 [1;33m[W] [service.go:177] [009045840e5d0b06] reconnect to server error: dial tcp 106.75.108.175:2333: connect: network is unreachable[0m
2021/01/09 18:49:15 [1;34m[I] [service.go:174] [009045840e5d0b06] try to reconnect to server...[0m
2021/01/09 18:49:15 [1;33m[W] [service.go:177] [009045840e5d0b06] reconnect to server error: dial tcp 106.75.108.175:2333: connect: network is unreachable[0m
2021/01/09 19:03:47 [1;34m[I] [service.go:174] [009045840e5d0b06] try to reconnect to server...[0m
2021/01/09 19:03:47 [1;33m[W] [service.go:177] [009045840e5d0b06] reconnect to server error: dial tcp 106.75.108.175:2333: connect: network is unreachable[0m
2021/01/09 19:04:07 [1;34m[I] [service.go:174] [009045840e5d0b06] try to reconnect to server...[0m
2021/01/09 19:04:07 [1;33m[W] [service.go:177] [009045840e5d0b06] reconnect to server error: dial tcp 106.75.108.175:2333: connect: network is unreachable[0m
2021/01/09 19:04:27 [1;34m[I] [service.go:174] [009045840e5d0b06] try to reconnect to server...[0m
2021/01/09 19:04:27 [1;33m[W] [service.go:177] [009045840e5d0b06] reconnect to server error: dial tcp 106.75.108.175:2333: connect: network is unreachable[0m
2021/01/09 19:04:47 [1;34m[I] [service.go:174] [009045840e5d0b06] try to reconnect to server...[0m
2021/01/09 19:04:47 [1;33m[W] [service.go:177] [009045840e5d0b06] reconnect to server error: dial tcp 106.75.108.175:2333: connect: network is unreachable[0m
2021/01/09 19:05:07 [1;34m[I] [service.go:174] [009045840e5d0b06] try to reconnect to server...[0m
2021/01/09 19:05:07 [1;33m[W] [service.go:177] [009045840e5d0b06] reconnect to server error: dial tcp 106.75.108.175:2333: connect: network is unreachable[0m
2021/01/09 19:05:27 [1;34m[I] [service.go:174] [009045840e5d0b06] try to reconnect to server...[0m
2021/01/09 19:05:27 [1;33m[W] [service.go:177] [009045840e5d0b06] reconnect to server error: dial tcp 106.75.108.175:2333: connect: network is unreachable[0m
2021/01/09 19:05:47 [1;34m[I] [service.go:174] [009045840e5d0b06] try to reconnect to server...[0m
2021/01/09 19:05:47 [1;33m[W] [service.go:177] [009045840e5d0b06] reconnect to server error: dial tcp 106.75.108.175:2333: connect: network is unreachable[0m
2021/01/09 19:06:07 [1;34m[I] [service.go:174] [009045840e5d0b06] try to reconnect to server...[0m
2021/01/09 19:06:07 [1;33m[W] [service.go:177] [009045840e5d0b06] reconnect to server error: dial tcp 106.75.108.175:2333: connect: network is unreachable[0m
2021/01/09 19:06:27 [1;34m[I] [service.go:174] [009045840e5d0b06] try to reconnect to server...[0m
2021/01/09 19:06:27 [1;33m[W] [service.go:177] [009045840e5d0b06] reconnect to server error: dial tcp 106.75.108.175:2333: connect: network is unreachable[0m
2021/01/09 19:06:47 [1;34m[I] [service.go:174] [009045840e5d0b06] try to reconnect to server...[0m
2021/01/09 19:06:47 [1;33m[W] [service.go:177] [009045840e5d0b06] reconnect to server error: dial tcp 106.75.108.175:2333: connect: network is unreachable[0m
2021/01/09 19:15:23 [1;34m[I] [service.go:174] [009045840e5d0b06] try to reconnect to server...[0m
2021/01/09 19:15:23 [1;33m[W] [service.go:177] [009045840e5d0b06] reconnect to server error: dial tcp 106.75.108.175:2333: connect: network is unreachable[0m
2021/01/09 19:15:43 [1;34m[I] [service.go:174] [009045840e5d0b06] try to reconnect to server...[0m
2021/01/09 19:15:43 [1;34m[I] [service.go:288] [009045840e5d0b06] login to server success, get run id [009045840e5d0b06], server udp port [0][0m
2021/01/09 19:15:43 [1;34m[I] [proxy_manager.go:144] [009045840e5d0b06] proxy added: [web][0m
2021/01/09 19:15:43 [1;34m[I] [control.go:180] [009045840e5d0b06] [web] start proxy success[0m
2021/01/09 19:17:47 [1;34m[I] [control.go:276] [009045840e5d0b06] control writer is closing[0m
2021/01/09 19:17:47 [1;31m[E] [control.go:158] [009045840e5d0b06] work connection closed before response StartWorkConn message: EOF[0m
2021/01/09 19:17:47 [1;34m[I] [service.go:174] [009045840e5d0b06] try to reconnect to server...[0m
2021/01/09 19:17:47 [1;34m[I] [visitor_manager.go:60] [009045840e5d0b06] gracefully shutdown visitor manager[0m
2021/01/09 19:17:47 [1;34m[I] [service.go:288] [009045840e5d0b06] login to server success, get run id [009045840e5d0b06], server udp port [0][0m
2021/01/09 19:17:47 [1;34m[I] [proxy_manager.go:144] [009045840e5d0b06] proxy added: [web][0m
2021/01/09 19:17:47 [1;34m[I] [control.go:180] [009045840e5d0b06] [web] start proxy success[0m
2021/01/09 19:28:02 [1;31m[E] [control.go:158] [009045840e5d0b06] work connection closed before response StartWorkConn message: EOF[0m
2021/01/09 19:28:02 [1;34m[I] [control.go:276] [009045840e5d0b06] control writer is closing[0m
2021/01/09 19:28:02 [1;34m[I] [service.go:174] [009045840e5d0b06] try to reconnect to server...[0m
2021/01/09 19:28:02 [1;34m[I] [visitor_manager.go:60] [009045840e5d0b06] gracefully shutdown visitor manager[0m
2021/01/09 19:28:02 [1;34m[I] [service.go:288] [009045840e5d0b06] login to server success, get run id [009045840e5d0b06], server udp port [0][0m
2021/01/09 19:28:02 [1;34m[I] [proxy_manager.go:144] [009045840e5d0b06] proxy added: [web][0m
2021/01/09 19:28:02 [1;34m[I] [control.go:180] [009045840e5d0b06] [web] start proxy success[0m
2021/01/09 19:44:16 [1;34m[I] [control.go:276] [009045840e5d0b06] control writer is closing[0m
2021/01/09 19:44:16 [1;31m[E] [control.go:158] [009045840e5d0b06] work connection closed before response StartWorkConn message: EOF[0m
2021/01/09 19:44:16 [1;34m[I] [service.go:174] [009045840e5d0b06] try to reconnect to server...[0m
2021/01/09 19:44:16 [1;34m[I] [visitor_manager.go:60] [009045840e5d0b06] gracefully shutdown visitor manager[0m
2021/01/09 19:44:16 [1;34m[I] [service.go:288] [009045840e5d0b06] login to server success, get run id [009045840e5d0b06], server udp port [0][0m
2021/01/09 19:44:16 [1;34m[I] [proxy_manager.go:144] [009045840e5d0b06] proxy added: [web][0m
2021/01/09 19:44:16 [1;34m[I] [control.go:180] [009045840e5d0b06] [web] start proxy success[0m
2021/01/09 19:57:04 [1;31m[E] [control.go:158] [009045840e5d0b06] work connection closed before response StartWorkConn message: EOF[0m
2021/01/09 19:57:04 [1;34m[I] [control.go:276] [009045840e5d0b06] control writer is closing[0m
2021/01/09 19:57:04 [1;34m[I] [service.go:174] [009045840e5d0b06] try to reconnect to server...[0m
2021/01/09 19:57:04 [1;34m[I] [visitor_manager.go:60] [009045840e5d0b06] gracefully shutdown visitor manager[0m
2021/01/09 19:57:04 [1;34m[I] [service.go:288] [009045840e5d0b06] login to server success, get run id [009045840e5d0b06], server udp port [0][0m
2021/01/09 19:57:04 [1;34m[I] [proxy_manager.go:144] [009045840e5d0b06] proxy added: [web][0m
2021/01/09 19:57:04 [1;34m[I] [control.go:180] [009045840e5d0b06] [web] start proxy success[0m
2021/01/09 20:09:54 [1;34m[I] [control.go:276] [009045840e5d0b06] control writer is closing[0m
2021/01/09 20:09:54 [1;31m[E] [control.go:158] [009045840e5d0b06] work connection closed before response StartWorkConn message: EOF[0m
2021/01/09 20:09:54 [1;34m[I] [visitor_manager.go:60] [009045840e5d0b06] gracefully shutdown visitor manager[0m
2021/01/09 20:09:54 [1;34m[I] [service.go:174] [009045840e5d0b06] try to reconnect to server...[0m
2021/01/09 20:09:54 [1;34m[I] [service.go:288] [009045840e5d0b06] login to server success, get run id [009045840e5d0b06], server udp port [0][0m
2021/01/09 20:09:54 [1;34m[I] [proxy_manager.go:144] [009045840e5d0b06] proxy added: [web][0m
2021/01/09 20:09:54 [1;34m[I] [control.go:180] [009045840e5d0b06] [web] start proxy success[0m
2021/01/09 20:27:08 [1;34m[I] [control.go:276] [009045840e5d0b06] control writer is closing[0m
2021/01/09 20:27:08 [1;31m[E] [control.go:158] [009045840e5d0b06] work connection closed before response StartWorkConn message: EOF[0m
2021/01/09 20:27:08 [1;34m[I] [service.go:174] [009045840e5d0b06] try to reconnect to server...[0m
2021/01/09 20:27:08 [1;34m[I] [visitor_manager.go:60] [009045840e5d0b06] gracefully shutdown visitor manager[0m
2021/01/09 20:27:08 [1;34m[I] [service.go:288] [009045840e5d0b06] login to server success, get run id [009045840e5d0b06], server udp port [0][0m
2021/01/09 20:27:08 [1;34m[I] [proxy_manager.go:144] [009045840e5d0b06] proxy added: [web][0m
2021/01/09 20:27:08 [1;34m[I] [control.go:180] [009045840e5d0b06] [web] start proxy success[0m
2021/01/09 20:44:38 [1;31m[E] [control.go:158] [009045840e5d0b06] work connection closed before response StartWorkConn message: EOF[0m
2021/01/09 20:44:38 [1;34m[I] [control.go:276] [009045840e5d0b06] control writer is closing[0m
2021/01/09 20:44:38 [1;34m[I] [service.go:174] [009045840e5d0b06] try to reconnect to server...[0m
2021/01/09 20:44:38 [1;34m[I] [visitor_manager.go:60] [009045840e5d0b06] gracefully shutdown visitor manager[0m
2021/01/09 20:44:38 [1;34m[I] [service.go:288] [009045840e5d0b06] login to server success, get run id [009045840e5d0b06], server udp port [0][0m
2021/01/09 20:44:38 [1;34m[I] [proxy_manager.go:144] [009045840e5d0b06] proxy added: [web][0m
2021/01/09 20:44:38 [1;34m[I] [control.go:180] [009045840e5d0b06] [web] start proxy success[0m
2021/01/09 20:50:10 [1;31m[E] [control.go:158] [009045840e5d0b06] work connection closed before response StartWorkConn message: EOF[0m
2021/01/09 20:50:10 [1;34m[I] [control.go:276] [009045840e5d0b06] control writer is closing[0m
2021/01/09 20:50:10 [1;34m[I] [service.go:174] [009045840e5d0b06] try to reconnect to server...[0m
2021/01/09 20:50:10 [1;34m[I] [visitor_manager.go:60] [009045840e5d0b06] gracefully shutdown visitor manager[0m
2021/01/09 20:50:10 [1;34m[I] [service.go:288] [009045840e5d0b06] login to server success, get run id [009045840e5d0b06], server udp port [0][0m
2021/01/09 20:50:10 [1;34m[I] [proxy_manager.go:144] [009045840e5d0b06] proxy added: [web][0m
2021/01/09 20:50:10 [1;34m[I] [control.go:180] [009045840e5d0b06] [web] start proxy success[0m
2021/01/09 20:55:42 [1;31m[E] [control.go:158] [009045840e5d0b06] work connection closed before response StartWorkConn message: EOF[0m
2021/01/09 20:55:42 [1;34m[I] [control.go:276] [009045840e5d0b06] control writer is closing[0m
2021/01/09 20:55:42 [1;34m[I] [service.go:174] [009045840e5d0b06] try to reconnect to server...[0m
2021/01/09 20:55:42 [1;34m[I] [visitor_manager.go:60] [009045840e5d0b06] gracefully shutdown visitor manager[0m
2021/01/09 20:55:42 [1;34m[I] [service.go:288] [009045840e5d0b06] login to server success, get run id [009045840e5d0b06], server udp port [0][0m
2021/01/09 20:55:42 [1;34m[I] [proxy_manager.go:144] [009045840e5d0b06] proxy added: [web][0m
2021/01/09 20:55:42 [1;34m[I] [control.go:180] [009045840e5d0b06] [web] start proxy success[0m
2021/01/09 21:02:14 [1;31m[E] [control.go:158] [009045840e5d0b06] work connection closed before response StartWorkConn message: EOF[0m
2021/01/09 21:02:14 [1;34m[I] [control.go:276] [009045840e5d0b06] control writer is closing[0m
2021/01/09 21:02:14 [1;34m[I] [service.go:174] [009045840e5d0b06] try to reconnect to server...[0m
2021/01/09 21:02:14 [1;34m[I] [visitor_manager.go:60] [009045840e5d0b06] gracefully shutdown visitor manager[0m
2021/01/09 21:02:14 [1;34m[I] [service.go:288] [009045840e5d0b06] login to server success, get run id [009045840e5d0b06], server udp port [0][0m
2021/01/09 21:02:14 [1;34m[I] [proxy_manager.go:144] [009045840e5d0b06] proxy added: [web][0m
2021/01/09 21:02:14 [1;34m[I] [control.go:180] [009045840e5d0b06] [web] start proxy success[0m
2021/01/09 21:09:26 [1;34m[I] [control.go:276] [009045840e5d0b06] control writer is closing[0m
2021/01/09 21:09:26 [1;31m[E] [control.go:158] [009045840e5d0b06] work connection closed before response StartWorkConn message: EOF[0m
2021/01/09 21:09:26 [1;34m[I] [visitor_manager.go:60] [009045840e5d0b06] gracefully shutdown visitor manager[0m
2021/01/09 21:09:26 [1;34m[I] [service.go:174] [009045840e5d0b06] try to reconnect to server...[0m
2021/01/09 21:09:26 [1;34m[I] [service.go:288] [009045840e5d0b06] login to server success, get run id [009045840e5d0b06], server udp port [0][0m
2021/01/09 21:09:26 [1;34m[I] [proxy_manager.go:144] [009045840e5d0b06] proxy added: [web][0m
2021/01/09 21:09:27 [1;34m[I] [control.go:180] [009045840e5d0b06] [web] start proxy success[0m
2021/01/09 21:20:27 [1;31m[E] [control.go:158] [009045840e5d0b06] work connection closed before response StartWorkConn message: EOF[0m
2021/01/09 21:20:27 [1;34m[I] [control.go:276] [009045840e5d0b06] control writer is closing[0m
2021/01/09 21:20:27 [1;34m[I] [service.go:174] [009045840e5d0b06] try to reconnect to server...[0m
2021/01/09 21:20:27 [1;34m[I] [visitor_manager.go:60] [009045840e5d0b06] gracefully shutdown visitor manager[0m
2021/01/09 21:20:27 [1;34m[I] [service.go:288] [009045840e5d0b06] login to server success, get run id [009045840e5d0b06], server udp port [0][0m
2021/01/09 21:20:27 [1;34m[I] [proxy_manager.go:144] [009045840e5d0b06] proxy added: [web][0m
2021/01/09 21:20:27 [1;34m[I] [control.go:180] [009045840e5d0b06] [web] start proxy success[0m
2021/01/09 21:33:42 [1;31m[E] [control.go:158] [009045840e5d0b06] work connection closed before response StartWorkConn message: EOF[0m
2021/01/09 21:33:42 [1;34m[I] [control.go:276] [009045840e5d0b06] control writer is closing[0m
2021/01/09 21:33:42 [1;34m[I] [service.go:174] [009045840e5d0b06] try to reconnect to server...[0m
2021/01/09 21:33:42 [1;34m[I] [visitor_manager.go:60] [009045840e5d0b06] gracefully shutdown visitor manager[0m
2021/01/09 21:33:42 [1;34m[I] [service.go:288] [009045840e5d0b06] login to server success, get run id [009045840e5d0b06], server udp port [0][0m
2021/01/09 21:33:42 [1;34m[I] [proxy_manager.go:144] [009045840e5d0b06] proxy added: [web][0m
2021/01/09 21:33:42 [1;34m[I] [control.go:180] [009045840e5d0b06] [web] start proxy success[0m
2021/01/09 21:34:43 [1;31m[E] [control.go:158] [009045840e5d0b06] work connection closed before response StartWorkConn message: EOF[0m
2021/01/09 21:34:43 [1;34m[I] [control.go:276] [009045840e5d0b06] control writer is closing[0m
2021/01/09 21:34:43 [1;34m[I] [service.go:174] [009045840e5d0b06] try to reconnect to server...[0m
2021/01/09 21:34:43 [1;34m[I] [visitor_manager.go:60] [009045840e5d0b06] gracefully shutdown visitor manager[0m
2021/01/09 21:34:43 [1;34m[I] [service.go:288] [009045840e5d0b06] login to server success, get run id [009045840e5d0b06], server udp port [0][0m
2021/01/09 21:34:43 [1;34m[I] [proxy_manager.go:144] [009045840e5d0b06] proxy added: [web][0m
2021/01/09 21:34:43 [1;34m[I] [control.go:180] [009045840e5d0b06] [web] start proxy success[0m
2021/01/09 21:46:43 [1;34m[I] [control.go:276] [009045840e5d0b06] control writer is closing[0m
2021/01/09 21:46:43 [1;31m[E] [control.go:158] [009045840e5d0b06] work connection closed before response StartWorkConn message: EOF[0m
2021/01/09 21:46:43 [1;34m[I] [service.go:174] [009045840e5d0b06] try to reconnect to server...[0m
2021/01/09 21:46:43 [1;34m[I] [visitor_manager.go:60] [009045840e5d0b06] gracefully shutdown visitor manager[0m
2021/01/09 21:46:43 [1;34m[I] [service.go:288] [009045840e5d0b06] login to server success, get run id [009045840e5d0b06], server udp port [0][0m
2021/01/09 21:46:43 [1;34m[I] [proxy_manager.go:144] [009045840e5d0b06] proxy added: [web][0m
2021/01/09 21:46:43 [1;34m[I] [control.go:180] [009045840e5d0b06] [web] start proxy success[0m
2021/01/09 21:52:41 [1;31m[E] [control.go:158] [009045840e5d0b06] work connection closed before response StartWorkConn message: EOF[0m
2021/01/09 21:52:41 [1;34m[I] [control.go:276] [009045840e5d0b06] control writer is closing[0m
2021/01/09 21:52:41 [1;34m[I] [service.go:174] [009045840e5d0b06] try to reconnect to server...[0m
2021/01/09 21:52:41 [1;34m[I] [visitor_manager.go:60] [009045840e5d0b06] gracefully shutdown visitor manager[0m
2021/01/09 21:52:41 [1;34m[I] [service.go:288] [009045840e5d0b06] login to server success, get run id [009045840e5d0b06], server udp port [0][0m
2021/01/09 21:52:41 [1;34m[I] [proxy_manager.go:144] [009045840e5d0b06] proxy added: [web][0m
2021/01/09 21:52:41 [1;34m[I] [control.go:180] [009045840e5d0b06] [web] start proxy success[0m
2021/01/09 21:53:33 [1;31m[E] [control.go:158] [009045840e5d0b06] work connection closed before response StartWorkConn message: EOF[0m
2021/01/09 21:53:33 [1;34m[I] [control.go:276] [009045840e5d0b06] control writer is closing[0m
2021/01/09 21:53:33 [1;34m[I] [service.go:174] [009045840e5d0b06] try to reconnect to server...[0m
2021/01/09 21:53:33 [1;34m[I] [visitor_manager.go:60] [009045840e5d0b06] gracefully shutdown visitor manager[0m
2021/01/09 21:53:34 [1;34m[I] [service.go:288] [009045840e5d0b06] login to server success, get run id [009045840e5d0b06], server udp port [0][0m
2021/01/09 21:53:34 [1;34m[I] [proxy_manager.go:144] [009045840e5d0b06] proxy added: [web][0m
2021/01/09 21:53:34 [1;34m[I] [control.go:180] [009045840e5d0b06] [web] start proxy success[0m
2021/01/09 21:54:44 [1;31m[E] [control.go:158] [009045840e5d0b06] work connection closed before response StartWorkConn message: EOF[0m
2021/01/09 21:54:44 [1;34m[I] [control.go:276] [009045840e5d0b06] control writer is closing[0m
2021/01/09 21:54:44 [1;34m[I] [service.go:174] [009045840e5d0b06] try to reconnect to server...[0m
2021/01/09 21:54:44 [1;34m[I] [visitor_manager.go:60] [009045840e5d0b06] gracefully shutdown visitor manager[0m
2021/01/09 21:54:44 [1;34m[I] [service.go:288] [009045840e5d0b06] login to server success, get run id [009045840e5d0b06], server udp port [0][0m
2021/01/09 21:54:44 [1;34m[I] [proxy_manager.go:144] [009045840e5d0b06] proxy added: [web][0m
2021/01/09 21:54:44 [1;34m[I] [control.go:180] [009045840e5d0b06] [web] start proxy success[0m
2021/01/09 21:55:54 [1;34m[I] [control.go:276] [009045840e5d0b06] control writer is closing[0m
2021/01/09 21:55:54 [1;31m[E] [control.go:158] [009045840e5d0b06] work connection closed before response StartWorkConn message: EOF[0m
2021/01/09 21:55:54 [1;34m[I] [service.go:174] [009045840e5d0b06] try to reconnect to server...[0m
2021/01/09 21:55:54 [1;34m[I] [visitor_manager.go:60] [009045840e5d0b06] gracefully shutdown visitor manager[0m
2021/01/09 21:55:54 [1;34m[I] [service.go:288] [009045840e5d0b06] login to server success, get run id [009045840e5d0b06], server udp port [0][0m
2021/01/09 21:55:54 [1;34m[I] [proxy_manager.go:144] [009045840e5d0b06] proxy added: [web][0m
2021/01/09 21:55:54 [1;34m[I] [control.go:180] [009045840e5d0b06] [web] start proxy success[0m
2021/01/09 22:02:39 [1;34m[I] [control.go:276] [009045840e5d0b06] control writer is closing[0m
2021/01/09 22:02:39 [1;31m[E] [control.go:158] [009045840e5d0b06] work connection closed before response StartWorkConn message: EOF[0m
2021/01/09 22:02:39 [1;34m[I] [visitor_manager.go:60] [009045840e5d0b06] gracefully shutdown visitor manager[0m
2021/01/09 22:02:39 [1;34m[I] [service.go:174] [009045840e5d0b06] try to reconnect to server...[0m
2021/01/09 22:02:39 [1;34m[I] [service.go:288] [009045840e5d0b06] login to server success, get run id [009045840e5d0b06], server udp port [0][0m
2021/01/09 22:02:39 [1;34m[I] [proxy_manager.go:144] [009045840e5d0b06] proxy added: [web][0m
2021/01/09 22:02:39 [1;34m[I] [control.go:180] [009045840e5d0b06] [web] start proxy success[0m
2021/01/09 22:26:02 [1;34m[I] [control.go:276] [009045840e5d0b06] control writer is closing[0m
2021/01/09 22:26:02 [1;31m[E] [control.go:158] [009045840e5d0b06] work connection closed before response StartWorkConn message: EOF[0m
2021/01/09 22:26:02 [1;34m[I] [visitor_manager.go:60] [009045840e5d0b06] gracefully shutdown visitor manager[0m
2021/01/09 22:26:02 [1;34m[I] [service.go:174] [009045840e5d0b06] try to reconnect to server...[0m
2021/01/09 22:26:03 [1;34m[I] [service.go:288] [009045840e5d0b06] login to server success, get run id [009045840e5d0b06], server udp port [0][0m
2021/01/09 22:26:03 [1;34m[I] [proxy_manager.go:144] [009045840e5d0b06] proxy added: [web][0m
2021/01/09 22:26:03 [1;34m[I] [control.go:180] [009045840e5d0b06] [web] start proxy success[0m
2021/01/09 22:34:30 [1;31m[E] [control.go:158] [009045840e5d0b06] work connection closed before response StartWorkConn message: EOF[0m
2021/01/09 22:34:30 [1;34m[I] [control.go:276] [009045840e5d0b06] control writer is closing[0m
2021/01/09 22:34:30 [1;34m[I] [visitor_manager.go:60] [009045840e5d0b06] gracefully shutdown visitor manager[0m
2021/01/09 22:34:30 [1;34m[I] [service.go:174] [009045840e5d0b06] try to reconnect to server...[0m
2021/01/09 22:34:30 [1;34m[I] [service.go:288] [009045840e5d0b06] login to server success, get run id [009045840e5d0b06], server udp port [0][0m
2021/01/09 22:34:30 [1;34m[I] [proxy_manager.go:144] [009045840e5d0b06] proxy added: [web][0m
2021/01/09 22:34:30 [1;34m[I] [control.go:180] [009045840e5d0b06] [web] start proxy success[0m
2021/01/09 22:40:07 [1;34m[I] [control.go:276] [009045840e5d0b06] control writer is closing[0m
2021/01/09 22:40:07 [1;31m[E] [control.go:158] [009045840e5d0b06] work connection closed before response StartWorkConn message: EOF[0m
2021/01/09 22:40:07 [1;34m[I] [visitor_manager.go:60] [009045840e5d0b06] gracefully shutdown visitor manager[0m
2021/01/09 22:40:07 [1;34m[I] [service.go:174] [009045840e5d0b06] try to reconnect to server...[0m
2021/01/09 22:40:08 [1;34m[I] [service.go:288] [009045840e5d0b06] login to server success, get run id [009045840e5d0b06], server udp port [0][0m
2021/01/09 22:40:08 [1;34m[I] [proxy_manager.go:144] [009045840e5d0b06] proxy added: [web][0m
2021/01/09 22:40:08 [1;34m[I] [control.go:180] [009045840e5d0b06] [web] start proxy success[0m
2021/01/09 22:43:33 [1;34m[I] [control.go:276] [009045840e5d0b06] control writer is closing[0m
2021/01/09 22:43:33 [1;31m[E] [control.go:158] [009045840e5d0b06] work connection closed before response StartWorkConn message: EOF[0m
2021/01/09 22:43:33 [1;34m[I] [service.go:174] [009045840e5d0b06] try to reconnect to server...[0m
2021/01/09 22:43:33 [1;34m[I] [visitor_manager.go:60] [009045840e5d0b06] gracefully shutdown visitor manager[0m
2021/01/09 22:43:33 [1;34m[I] [service.go:288] [009045840e5d0b06] login to server success, get run id [009045840e5d0b06], server udp port [0][0m
2021/01/09 22:43:33 [1;34m[I] [proxy_manager.go:144] [009045840e5d0b06] proxy added: [web][0m
2021/01/09 22:43:33 [1;34m[I] [control.go:180] [009045840e5d0b06] [web] start proxy success[0m
2021/01/09 22:48:06 [1;31m[E] [control.go:158] [009045840e5d0b06] work connection closed before response StartWorkConn message: EOF[0m
2021/01/09 22:48:06 [1;34m[I] [control.go:276] [009045840e5d0b06] control writer is closing[0m
2021/01/09 22:48:06 [1;34m[I] [service.go:174] [009045840e5d0b06] try to reconnect to server...[0m
2021/01/09 22:48:06 [1;34m[I] [visitor_manager.go:60] [009045840e5d0b06] gracefully shutdown visitor manager[0m
2021/01/09 22:48:06 [1;34m[I] [service.go:288] [009045840e5d0b06] login to server success, get run id [009045840e5d0b06], server udp port [0][0m
2021/01/09 22:48:06 [1;34m[I] [proxy_manager.go:144] [009045840e5d0b06] proxy added: [web][0m
2021/01/09 22:48:06 [1;34m[I] [control.go:180] [009045840e5d0b06] [web] start proxy success[0m
2021/01/09 22:52:02 [1;31m[E] [control.go:158] [009045840e5d0b06] work connection closed before response StartWorkConn message: EOF[0m
2021/01/09 22:52:02 [1;34m[I] [control.go:276] [009045840e5d0b06] control writer is closing[0m
2021/01/09 22:52:02 [1;34m[I] [visitor_manager.go:60] [009045840e5d0b06] gracefully shutdown visitor manager[0m
2021/01/09 22:52:02 [1;34m[I] [service.go:174] [009045840e5d0b06] try to reconnect to server...[0m
2021/01/09 22:52:02 [1;34m[I] [service.go:288] [009045840e5d0b06] login to server success, get run id [009045840e5d0b06], server udp port [0][0m
2021/01/09 22:52:02 [1;34m[I] [proxy_manager.go:144] [009045840e5d0b06] proxy added: [web][0m
2021/01/09 22:52:02 [1;34m[I] [control.go:180] [009045840e5d0b06] [web] start proxy success[0m
